[
  {
    "level": "INFO",
    "message": "android.ndkVersion from module build.gradle is 21.0.6113669"
  },
  {
    "level": "INFO",
    "message": "ndk.dir in local.properties is E:\\sdk\\ndk-bundle"
  },
  {
    "level": "INFO",
    "message": "ANDROID_NDK_HOME environment variable is not set"
  },
  {
    "level": "INFO",
    "message": "sdkFolder is E:\\sdk"
  },
  {
    "level": "INFO",
    "message": "Considering E:\\sdk\\ndk-bundle by ndk.dir"
  },
  {
    "level": "INFO",
    "message": "Considering E:\\sdk\\ndk-bundle in SDK ndk-bundle folder"
  },
  {
    "level": "INFO",
    "message": "Considering E:\\sdk\\ndk\\21.0.6113669 in SDK ndk folder"
  },
  {
    "level": "ERROR",
    "message": "Requested NDK version 21.0.6113669 did not match the version 20.0.5594570 requested by ndk.dir at E:\\sdk\\ndk-bundle"
  }
]