[
  {
    "level": "INFO",
    "message": "android.ndkVersion from module build.gradle is not set"
  },
  {
    "level": "INFO",
    "message": "ndk.dir in local.properties is E:\\ndk\\16.1.4479499"
  },
  {
    "level": "INFO",
    "message": "ANDROID_NDK_HOME environment variable is not set"
  },
  {
    "level": "INFO",
    "message": "sdkFolder is E:\\sdk"
  },
  {
    "level": "INFO",
    "message": "Considering E:\\ndk\\16.1.4479499 by ndk.dir"
  },
  {
    "level": "INFO",
    "message": "Considering E:\\sdk\\ndk-bundle in SDK ndk-bundle folder"
  },
  {
    "level": "INFO",
    "message": "Considering E:\\sdk\\ndk\\21.0.6113669 in SDK ndk folder"
  },
  {
    "level": "INFO",
    "message": "Found requested ndk.dir (E:\\ndk\\16.1.4479499) which has version 16.1.4479499"
  }
]