[
  {
    "level": "INFO",
    "message": "android.ndkVersion from module build.gradle is 20.0.5594570"
  },
  {
    "level": "INFO",
    "message": "ndk.dir in local.properties is E:\\sdk\\ndk-bundle"
  },
  {
    "level": "INFO",
    "message": "ANDROID_NDK_HOME environment variable is E:\\sdk\\ndk-bundle"
  },
  {
    "level": "INFO",
    "message": "sdkFolder is E:\\sdk"
  },
  {
    "level": "WARN",
    "message": "Support for ANDROID_NDK_HOME is deprecated and will be removed in the future. Use android.ndkVersion in build.gradle instead."
  },
  {
    "level": "INFO",
    "message": "Considering E:\\sdk\\ndk-bundle by ndk.dir"
  },
  {
    "level": "INFO",
    "message": "Considering E:\\sdk\\ndk-bundle by ANDROID_NDK_HOME"
  },
  {
    "level": "INFO",
    "message": "Considering E:\\sdk\\ndk-bundle in SDK ndk-bundle folder"
  },
  {
    "level": "INFO",
    "message": "Considering E:\\sdk\\ndk\\21.0.6113669 in SDK ndk folder"
  },
  {
    "level": "INFO",
    "message": "Choosing E:\\sdk\\ndk-bundle from ndk.dir which had the requested version 20.0.5594570"
  }
]