[
  {
    "level": "INFO",
    "message": "android.ndkVersion from module build.gradle is not set"
  },
  {
    "level": "INFO",
    "message": "ndk.dir in local.properties is E:\\ndk\\android-ndk-r15c"
  },
  {
    "level": "INFO",
    "message": "ANDROID_NDK_HOME environment variable is not set"
  },
  {
    "level": "INFO",
    "message": "sdkFolder is E:\\Program Files (x86)\\Android\\sdk"
  },
  {
    "level": "INFO",
    "message": "Considering E:\\ndk\\android-ndk-r15c by ndk.dir"
  },
  {
    "level": "INFO",
    "message": "Considering E:\\Program Files (x86)\\Android\\sdk\\ndk-bundle in SDK ndk-bundle folder"
  },
  {
    "level": "INFO",
    "message": "Considering E:\\Program Files (x86)\\Android\\sdk\\ndk\\21.0.6113669 in SDK ndk folder"
  },
  {
    "level": "INFO",
    "message": "Found requested ndk.dir (E:\\ndk\\android-ndk-r15c) which has version 15.2.4203891"
  }
]