[
  {
    "level": "INFO",
    "message": "android.ndkVersion from module build.gradle is not set"
  },
  {
    "level": "INFO",
    "message": "ndk.dir in local.properties is E:\\Program Files (x86)\\Android\\sdk\\ndk-bundle"
  },
  {
    "level": "INFO",
    "message": "ANDROID_NDK_HOME environment variable is not set"
  },
  {
    "level": "INFO",
    "message": "sdkFolder is E:\\sdk"
  },
  {
    "level": "INFO",
    "message": "Considering E:\\Program Files (x86)\\Android\\sdk\\ndk-bundle by ndk.dir"
  },
  {
    "level": "INFO",
    "message": "Considering E:\\sdk\\ndk-bundle in SDK ndk-bundle folder"
  },
  {
    "level": "INFO",
    "message": "Considering E:\\sdk\\ndk\\21.0.6113669 in SDK ndk folder"
  },
  {
    "level": "INFO",
    "message": "Found requested ndk.dir (E:\\Program Files (x86)\\Android\\sdk\\ndk-bundle) which has version 20.0.5594570"
  }
]